2015-11-03 01:05:10,150 - [INFO] - from play in pool-4-thread-2 
Listening for HTTP on /0:0:0:0:0:0:0:0:9000

2015-11-03 01:05:47,954 - [INFO] - from play in pool-1-thread-1 
datasource [jdbc:h2:mem:play] bound to JNDI as DefaultDS

2015-11-03 01:05:52,939 - [INFO] - from application in pool-1-thread-1 
Aplicação inicializada...

2015-11-03 01:05:55,020 - [INFO] - from application in pool-1-thread-1 
Aplicação desligada...

2015-11-03 01:05:55,248 - [INFO] - from play in pool-1-thread-1 
datasource [jdbc:h2:mem:play-test--196016575;] bound to JNDI as DefaultDS

2015-11-03 01:05:55,444 - [INFO] - from application in pool-1-thread-1 
Aplicação inicializada...

2015-11-03 01:06:01,184 - [INFO] - from application in pool-1-thread-1 
Aplicação desligada...

2015-11-03 01:06:01,309 - [INFO] - from play in pool-1-thread-1 
datasource [jdbc:h2:mem:play] bound to JNDI as DefaultDS

2015-11-03 01:06:01,462 - [INFO] - from application in pool-1-thread-1 
Aplicação inicializada...

2015-11-03 01:06:02,151 - [INFO] - from application in pool-1-thread-1 
Aplicação desligada...

2015-11-03 01:06:02,214 - [INFO] - from play in pool-1-thread-1 
datasource [jdbc:h2:mem:play] bound to JNDI as DefaultDS

2015-11-03 01:06:02,400 - [INFO] - from play in pool-1-thread-1 
datasource [jdbc:h2:mem:play] bound to JNDI as DefaultDS

2015-11-03 01:06:02,577 - [INFO] - from play in pool-1-thread-1 
datasource [jdbc:h2:mem:play] bound to JNDI as DefaultDS

2015-11-03 01:06:02,739 - [INFO] - from play in pool-1-thread-1 
datasource [jdbc:h2:mem:play] bound to JNDI as DefaultDS

2015-11-03 01:06:02,915 - [INFO] - from play in pool-1-thread-1 
datasource [jdbc:h2:mem:play] bound to JNDI as DefaultDS

2015-11-03 01:06:03,075 - [INFO] - from play in pool-1-thread-1 
datasource [jdbc:h2:mem:play] bound to JNDI as DefaultDS

2015-11-03 01:06:03,213 - [INFO] - from play in pool-1-thread-1 
datasource [jdbc:h2:mem:play] bound to JNDI as DefaultDS

2015-11-03 01:06:03,354 - [INFO] - from play in pool-1-thread-1 
datasource [jdbc:h2:mem:play] bound to JNDI as DefaultDS

2015-11-03 01:06:03,522 - [INFO] - from play in pool-1-thread-1 
datasource [jdbc:h2:mem:play] bound to JNDI as DefaultDS

2015-11-03 01:06:03,687 - [INFO] - from play in pool-1-thread-1 
datasource [jdbc:h2:mem:play] bound to JNDI as DefaultDS

2015-11-03 01:06:03,905 - [INFO] - from play in pool-1-thread-1 
datasource [jdbc:h2:mem:play-test--76808722;] bound to JNDI as DefaultDS

2015-11-03 01:06:04,051 - [INFO] - from application in pool-1-thread-1 
Aplicação inicializada...

2015-11-03 01:06:05,520 - [INFO] - from application in pool-1-thread-1 
Aplicação desligada...

2015-11-03 01:06:05,667 - [INFO] - from play in pool-1-thread-1 
datasource [jdbc:h2:mem:play] bound to JNDI as DefaultDS

2015-11-03 01:06:05,801 - [INFO] - from application in pool-1-thread-1 
Aplicação inicializada...

2015-11-03 01:06:05,976 - [INFO] - from application in pool-1-thread-1 
Aplicação desligada...

2015-11-03 01:07:37,088 - [INFO] - from play in pool-1-thread-1 
datasource [jdbc:h2:mem:play] bound to JNDI as DefaultDS

2015-11-03 01:07:39,405 - [INFO] - from application in pool-1-thread-1 
Aplicação inicializada...

2015-11-03 01:07:41,078 - [INFO] - from application in pool-1-thread-1 
Aplicação desligada...

2015-11-03 01:07:41,226 - [INFO] - from play in pool-1-thread-1 
datasource [jdbc:h2:mem:play-test--1826223623;] bound to JNDI as DefaultDS

2015-11-03 01:07:41,436 - [INFO] - from application in pool-1-thread-1 
Aplicação inicializada...

2015-11-03 01:07:46,380 - [INFO] - from application in pool-1-thread-1 
Aplicação desligada...

2015-11-03 01:07:46,565 - [INFO] - from play in pool-1-thread-1 
datasource [jdbc:h2:mem:play] bound to JNDI as DefaultDS

2015-11-03 01:07:46,943 - [INFO] - from application in pool-1-thread-1 
Aplicação inicializada...

2015-11-03 01:07:47,930 - [INFO] - from application in pool-1-thread-1 
Aplicação desligada...

2015-11-03 01:07:48,036 - [INFO] - from play in pool-1-thread-1 
datasource [jdbc:h2:mem:play] bound to JNDI as DefaultDS

2015-11-03 01:07:48,278 - [INFO] - from play in pool-1-thread-1 
datasource [jdbc:h2:mem:play] bound to JNDI as DefaultDS

2015-11-03 01:07:48,500 - [INFO] - from play in pool-1-thread-1 
datasource [jdbc:h2:mem:play] bound to JNDI as DefaultDS

2015-11-03 01:07:48,765 - [INFO] - from play in pool-1-thread-1 
datasource [jdbc:h2:mem:play] bound to JNDI as DefaultDS

2015-11-03 01:07:49,014 - [INFO] - from play in pool-1-thread-1 
datasource [jdbc:h2:mem:play] bound to JNDI as DefaultDS

2015-11-03 01:07:49,378 - [INFO] - from play in pool-1-thread-1 
datasource [jdbc:h2:mem:play] bound to JNDI as DefaultDS

2015-11-03 01:07:49,704 - [INFO] - from play in pool-1-thread-1 
datasource [jdbc:h2:mem:play] bound to JNDI as DefaultDS

2015-11-03 01:07:49,920 - [INFO] - from play in pool-1-thread-1 
datasource [jdbc:h2:mem:play] bound to JNDI as DefaultDS

2015-11-03 01:07:50,233 - [INFO] - from play in pool-1-thread-1 
datasource [jdbc:h2:mem:play] bound to JNDI as DefaultDS

2015-11-03 01:07:50,563 - [INFO] - from play in pool-1-thread-1 
datasource [jdbc:h2:mem:play] bound to JNDI as DefaultDS

2015-11-03 01:07:50,901 - [INFO] - from play in pool-1-thread-1 
datasource [jdbc:h2:mem:play-test--1714171727;] bound to JNDI as DefaultDS

2015-11-03 01:07:51,136 - [INFO] - from application in pool-1-thread-1 
Aplicação inicializada...

2015-11-03 01:07:52,869 - [INFO] - from application in pool-1-thread-1 
Aplicação desligada...

2015-11-03 01:07:52,910 - [INFO] - from play in pool-1-thread-1 
datasource [jdbc:h2:mem:play] bound to JNDI as DefaultDS

2015-11-03 01:07:53,116 - [INFO] - from application in pool-1-thread-1 
Aplicação inicializada...

2015-11-03 01:07:53,508 - [INFO] - from application in pool-1-thread-1 
Aplicação desligada...

2015-11-03 01:10:38,196 - [INFO] - from play in pool-1-thread-1 
datasource [jdbc:h2:mem:play] bound to JNDI as DefaultDS

2015-11-03 01:10:41,435 - [INFO] - from application in pool-1-thread-1 
Aplicação inicializada...

2015-11-03 01:10:43,594 - [INFO] - from application in pool-1-thread-1 
Aplicação desligada...

2015-11-03 01:10:43,761 - [INFO] - from play in pool-1-thread-1 
datasource [jdbc:h2:mem:play-test--1838854402;] bound to JNDI as DefaultDS

2015-11-03 01:10:44,139 - [INFO] - from application in pool-1-thread-1 
Aplicação inicializada...

2015-11-03 01:10:48,535 - [INFO] - from application in pool-1-thread-1 
Aplicação desligada...

2015-11-03 01:10:48,674 - [INFO] - from play in pool-1-thread-1 
datasource [jdbc:h2:mem:play] bound to JNDI as DefaultDS

2015-11-03 01:10:48,852 - [INFO] - from application in pool-1-thread-1 
Aplicação inicializada...

2015-11-03 01:10:49,467 - [INFO] - from application in pool-1-thread-1 
Aplicação desligada...

2015-11-03 01:10:49,524 - [INFO] - from play in pool-1-thread-1 
datasource [jdbc:h2:mem:play] bound to JNDI as DefaultDS

2015-11-03 01:10:49,729 - [INFO] - from play in pool-1-thread-1 
datasource [jdbc:h2:mem:play] bound to JNDI as DefaultDS

2015-11-03 01:10:49,988 - [INFO] - from play in pool-1-thread-1 
datasource [jdbc:h2:mem:play] bound to JNDI as DefaultDS

2015-11-03 01:10:50,152 - [INFO] - from play in pool-1-thread-1 
datasource [jdbc:h2:mem:play] bound to JNDI as DefaultDS

2015-11-03 01:10:50,473 - [INFO] - from play in pool-1-thread-1 
datasource [jdbc:h2:mem:play] bound to JNDI as DefaultDS

2015-11-03 01:10:50,683 - [INFO] - from play in pool-1-thread-1 
datasource [jdbc:h2:mem:play] bound to JNDI as DefaultDS

2015-11-03 01:10:50,829 - [INFO] - from play in pool-1-thread-1 
datasource [jdbc:h2:mem:play] bound to JNDI as DefaultDS

2015-11-03 01:10:50,970 - [INFO] - from play in pool-1-thread-1 
datasource [jdbc:h2:mem:play] bound to JNDI as DefaultDS

2015-11-03 01:10:51,136 - [INFO] - from play in pool-1-thread-1 
datasource [jdbc:h2:mem:play] bound to JNDI as DefaultDS

2015-11-03 01:10:51,307 - [INFO] - from play in pool-1-thread-1 
datasource [jdbc:h2:mem:play] bound to JNDI as DefaultDS

2015-11-03 01:10:51,517 - [INFO] - from play in pool-1-thread-1 
datasource [jdbc:h2:mem:play-test--307762569;] bound to JNDI as DefaultDS

2015-11-03 01:10:51,656 - [INFO] - from application in pool-1-thread-1 
Aplicação inicializada...

2015-11-03 01:10:53,046 - [INFO] - from application in pool-1-thread-1 
Aplicação desligada...

2015-11-03 01:10:53,079 - [INFO] - from play in pool-1-thread-1 
datasource [jdbc:h2:mem:play] bound to JNDI as DefaultDS

2015-11-03 01:10:53,180 - [INFO] - from application in pool-1-thread-1 
Aplicação inicializada...

2015-11-03 01:10:53,383 - [INFO] - from application in pool-1-thread-1 
Aplicação desligada...

